This is pdfTeX, Version 3.1415926-2.5-1.40.14 (MiKTeX 2.9) (preloaded format=pdflatex 2014.10.1)  3 DEC 2014 10:01
entering extended mode
**U:/git/COMP4Coursework5/coursework.tex
(U:/git/COMP4Coursework5/coursework.tex
LaTeX2e <2014/05/01>
Babel <3.9l> and hyphenation patterns for 68 languages loaded.
("C:\Program Files (x86)\MiKTeX 2.9\tex\latex\base\report.cls"
Document Class: report 2007/10/19 v1.4h Standard LaTeX document class
("C:\Program Files (x86)\MiKTeX 2.9\tex\latex\base\size10.clo"
File: size10.clo 2007/10/19 v1.4h Standard LaTeX file (size option)
)
\c@part=\count79
\c@chapter=\count80
\c@section=\count81
\c@subsection=\count82
\c@subsubsection=\count83
\c@paragraph=\count84
\c@subparagraph=\count85
\c@figure=\count86
\c@table=\count87
\abovecaptionskip=\skip41
\belowcaptionskip=\skip42
\bibindent=\dimen102
)
\@input{settings.aux}
(U:\git\COMP4Coursework5\settings.tex
("C:\Program Files (x86)\MiKTeX 2.9\tex\latex\base\inputenc.sty"
Package: inputenc 2014/04/30 v1.2b Input encoding file
\inpenc@prehook=\toks14
\inpenc@posthook=\toks15

("C:\Program Files (x86)\MiKTeX 2.9\tex\latex\base\utf8.def"
File: utf8.def 2008/04/05 v1.1m UTF-8 support for inputenc
Now handling font encoding OML ...
... no UTF-8 mapping file for font encoding OML
Now handling font encoding T1 ...
... processing UTF-8 mapping file for font encoding T1

("C:\Program Files (x86)\MiKTeX 2.9\tex\latex\base\t1enc.dfu"
File: t1enc.dfu 2008/04/05 v1.1m UTF-8 support for inputenc
   defining Unicode char U+00A1 (decimal 161)
   defining Unicode char U+00A3 (decimal 163)
   defining Unicode char U+00AB (decimal 171)
   defining Unicode char U+00BB (decimal 187)
   defining Unicode char U+00BF (decimal 191)
   defining Unicode char U+00C0 (decimal 192)
   defining Unicode char U+00C1 (decimal 193)
   defining Unicode char U+00C2 (decimal 194)
   defining Unicode char U+00C3 (decimal 195)
   defining Unicode char U+00C4 (decimal 196)
   defining Unicode char U+00C5 (decimal 197)
   defining Unicode char U+00C6 (decimal 198)
   defining Unicode char U+00C7 (decimal 199)
   defining Unicode char U+00C8 (decimal 200)
   defining Unicode char U+00C9 (decimal 201)
   defining Unicode char U+00CA (decimal 202)
   defining Unicode char U+00CB (decimal 203)
   defining Unicode char U+00CC (decimal 204)
   defining Unicode char U+00CD (decimal 205)
   defining Unicode char U+00CE (decimal 206)
   defining Unicode char U+00CF (decimal 207)
   defining Unicode char U+00D0 (decimal 208)
   defining Unicode char U+00D1 (decimal 209)
   defining Unicode char U+00D2 (decimal 210)
   defining Unicode char U+00D3 (decimal 211)
   defining Unicode char U+00D4 (decimal 212)
   defining Unicode char U+00D5 (decimal 213)
   defining Unicode char U+00D6 (decimal 214)
   defining Unicode char U+00D8 (decimal 216)
   defining Unicode char U+00D9 (decimal 217)
   defining Unicode char U+00DA (decimal 218)
   defining Unicode char U+00DB (decimal 219)
   defining Unicode char U+00DC (decimal 220)
   defining Unicode char U+00DD (decimal 221)
   defining Unicode char U+00DE (decimal 222)
   defining Unicode char U+00DF (decimal 223)
   defining Unicode char U+00E0 (decimal 224)
   defining Unicode char U+00E1 (decimal 225)
   defining Unicode char U+00E2 (decimal 226)
   defining Unicode char U+00E3 (decimal 227)
   defining Unicode char U+00E4 (decimal 228)
   defining Unicode char U+00E5 (decimal 229)
   defining Unicode char U+00E6 (decimal 230)
   defining Unicode char U+00E7 (decimal 231)
   defining Unicode char U+00E8 (decimal 232)
   defining Unicode char U+00E9 (decimal 233)
   defining Unicode char U+00EA (decimal 234)
   defining Unicode char U+00EB (decimal 235)
   defining Unicode char U+00EC (decimal 236)
   defining Unicode char U+00ED (decimal 237)
   defining Unicode char U+00EE (decimal 238)
   defining Unicode char U+00EF (decimal 239)
   defining Unicode char U+00F0 (decimal 240)
   defining Unicode char U+00F1 (decimal 241)
   defining Unicode char U+00F2 (decimal 242)
   defining Unicode char U+00F3 (decimal 243)
   defining Unicode char U+00F4 (decimal 244)
   defining Unicode char U+00F5 (decimal 245)
   defining Unicode char U+00F6 (decimal 246)
   defining Unicode char U+00F8 (decimal 248)
   defining Unicode char U+00F9 (decimal 249)
   defining Unicode char U+00FA (decimal 250)
   defining Unicode char U+00FB (decimal 251)
   defining Unicode char U+00FC (decimal 252)
   defining Unicode char U+00FD (decimal 253)
   defining Unicode char U+00FE (decimal 254)
   defining Unicode char U+00FF (decimal 255)
   defining Unicode char U+0102 (decimal 258)
   defining Unicode char U+0103 (decimal 259)
   defining Unicode char U+0104 (decimal 260)
   defining Unicode char U+0105 (decimal 261)
   defining Unicode char U+0106 (decimal 262)
   defining Unicode char U+0107 (decimal 263)
   defining Unicode char U+010C (decimal 268)
   defining Unicode char U+010D (decimal 269)
   defining Unicode char U+010E (decimal 270)
   defining Unicode char U+010F (decimal 271)
   defining Unicode char U+0110 (decimal 272)
   defining Unicode char U+0111 (decimal 273)
   defining Unicode char U+0118 (decimal 280)
   defining Unicode char U+0119 (decimal 281)
   defining Unicode char U+011A (decimal 282)
   defining Unicode char U+011B (decimal 283)
   defining Unicode char U+011E (decimal 286)
   defining Unicode char U+011F (decimal 287)
   defining Unicode char U+0130 (decimal 304)
   defining Unicode char U+0131 (decimal 305)
   defining Unicode char U+0132 (decimal 306)
   defining Unicode char U+0133 (decimal 307)
   defining Unicode char U+0139 (decimal 313)
   defining Unicode char U+013A (decimal 314)
   defining Unicode char U+013D (decimal 317)
   defining Unicode char U+013E (decimal 318)
   defining Unicode char U+0141 (decimal 321)
   defining Unicode char U+0142 (decimal 322)
   defining Unicode char U+0143 (decimal 323)
   defining Unicode char U+0144 (decimal 324)
   defining Unicode char U+0147 (decimal 327)
   defining Unicode char U+0148 (decimal 328)
   defining Unicode char U+014A (decimal 330)
   defining Unicode char U+014B (decimal 331)
   defining Unicode char U+0150 (decimal 336)
   defining Unicode char U+0151 (decimal 337)
   defining Unicode char U+0152 (decimal 338)
   defining Unicode char U+0153 (decimal 339)
   defining Unicode char U+0154 (decimal 340)
   defining Unicode char U+0155 (decimal 341)
   defining Unicode char U+0158 (decimal 344)
   defining Unicode char U+0159 (decimal 345)
   defining Unicode char U+015A (decimal 346)
   defining Unicode char U+015B (decimal 347)
   defining Unicode char U+015E (decimal 350)
   defining Unicode char U+015F (decimal 351)
   defining Unicode char U+0160 (decimal 352)
   defining Unicode char U+0161 (decimal 353)
   defining Unicode char U+0162 (decimal 354)
   defining Unicode char U+0163 (decimal 355)
   defining Unicode char U+0164 (decimal 356)
   defining Unicode char U+0165 (decimal 357)
   defining Unicode char U+016E (decimal 366)
   defining Unicode char U+016F (decimal 367)
   defining Unicode char U+0170 (decimal 368)
   defining Unicode char U+0171 (decimal 369)
   defining Unicode char U+0178 (decimal 376)
   defining Unicode char U+0179 (decimal 377)
   defining Unicode char U+017A (decimal 378)
   defining Unicode char U+017B (decimal 379)
   defining Unicode char U+017C (decimal 380)
   defining Unicode char U+017D (decimal 381)
   defining Unicode char U+017E (decimal 382)
   defining Unicode char U+200C (decimal 8204)
   defining Unicode char U+2013 (decimal 8211)
   defining Unicode char U+2014 (decimal 8212)
   defining Unicode char U+2018 (decimal 8216)
   defining Unicode char U+2019 (decimal 8217)
   defining Unicode char U+201A (decimal 8218)
   defining Unicode char U+201C (decimal 8220)
   defining Unicode char U+201D (decimal 8221)
   defining Unicode char U+201E (decimal 8222)
   defining Unicode char U+2030 (decimal 8240)
   defining Unicode char U+2031 (decimal 8241)
   defining Unicode char U+2039 (decimal 8249)
   defining Unicode char U+203A (decimal 8250)
   defining Unicode char U+2423 (decimal 9251)
)
Now handling font encoding OT1 ...
... processing UTF-8 mapping file for font encoding OT1

("C:\Program Files (x86)\MiKTeX 2.9\tex\latex\base\ot1enc.dfu"
File: ot1enc.dfu 2008/04/05 v1.1m UTF-8 support for inputenc
   defining Unicode char U+00A1 (decimal 161)
   defining Unicode char U+00A3 (decimal 163)
   defining Unicode char U+00B8 (decimal 184)
   defining Unicode char U+00BF (decimal 191)
   defining Unicode char U+00C5 (decimal 197)
   defining Unicode char U+00C6 (decimal 198)
   defining Unicode char U+00D8 (decimal 216)
   defining Unicode char U+00DF (decimal 223)
   defining Unicode char U+00E6 (decimal 230)
   defining Unicode char U+00EC (decimal 236)
   defining Unicode char U+00ED (decimal 237)
   defining Unicode char U+00EE (decimal 238)
   defining Unicode char U+00EF (decimal 239)
   defining Unicode char U+00F8 (decimal 248)
   defining Unicode char U+0131 (decimal 305)
   defining Unicode char U+0141 (decimal 321)
   defining Unicode char U+0142 (decimal 322)
   defining Unicode char U+0152 (decimal 338)
   defining Unicode char U+0153 (decimal 339)
   defining Unicode char U+2013 (decimal 8211)
   defining Unicode char U+2014 (decimal 8212)
   defining Unicode char U+2018 (decimal 8216)
   defining Unicode char U+2019 (decimal 8217)
   defining Unicode char U+201C (decimal 8220)
   defining Unicode char U+201D (decimal 8221)
)
Now handling font encoding OMS ...
... processing UTF-8 mapping file for font encoding OMS

("C:\Program Files (x86)\MiKTeX 2.9\tex\latex\base\omsenc.dfu"
File: omsenc.dfu 2008/04/05 v1.1m UTF-8 support for inputenc
   defining Unicode char U+00A7 (decimal 167)
   defining Unicode char U+00B6 (decimal 182)
   defining Unicode char U+00B7 (decimal 183)
   defining Unicode char U+2020 (decimal 8224)
   defining Unicode char U+2021 (decimal 8225)
   defining Unicode char U+2022 (decimal 8226)
)
Now handling font encoding OMX ...
... no UTF-8 mapping file for font encoding OMX
Now handling font encoding U ...
... no UTF-8 mapping file for font encoding U
   defining Unicode char U+00A9 (decimal 169)
   defining Unicode char U+00AA (decimal 170)
   defining Unicode char U+00AE (decimal 174)
   defining Unicode char U+00BA (decimal 186)
   defining Unicode char U+02C6 (decimal 710)
   defining Unicode char U+02DC (decimal 732)
   defining Unicode char U+200C (decimal 8204)
   defining Unicode char U+2026 (decimal 8230)
   defining Unicode char U+2122 (decimal 8482)
   defining Unicode char U+2423 (decimal 9251)
))
("C:\Program Files (x86)\MiKTeX 2.9\tex\latex\listings\listings.sty"
("C:\Program Files (x86)\MiKTeX 2.9\tex\latex\graphics\keyval.sty"
Package: keyval 2014/05/08 v1.15 key=value parser (DPC)
\KV@toks@=\toks16
)
\lst@mode=\count88
\lst@gtempboxa=\box26
\lst@token=\toks17
\lst@length=\count89
\lst@currlwidth=\dimen103
\lst@column=\count90
\lst@pos=\count91
\lst@lostspace=\dimen104
\lst@width=\dimen105
\lst@newlines=\count92
\lst@lineno=\count93
\lst@maxwidth=\dimen106

("C:\Program Files (x86)\MiKTeX 2.9\tex\latex\listings\lstmisc.sty"
File: lstmisc.sty 2014/09/06 1.5e (Carsten Heinz)
\c@lstnumber=\count94
\lst@skipnumbers=\count95
\lst@framebox=\box27
)
("C:\Program Files (x86)\MiKTeX 2.9\tex\latex\listings\listings.cfg"
File: listings.cfg 2014/09/06 1.5e listings configuration
))
Package: listings 2014/09/06 1.5e (Carsten Heinz)

("C:\Program Files (x86)\MiKTeX 2.9\tex\latex\fancybox\fancybox.sty"
Package: fancybox 2010/05/15 1.4

Style option: `fancybox' v1.4 <2010/05/15> (tvz)
\@fancybox=\box28
\shadowsize=\dimen107
\@Sbox=\box29
\do@VerbBox=\toks18
\the@fancyput=\toks19
\this@fancyput=\toks20
\EndVerbatimTokens=\toks21
\Verbatim@Outfile=\write3
\Verbatim@Infile=\read1
) ("C:\Program Files (x86)\MiKTeX 2.9\tex\latex\graphics\graphicx.sty"
Package: graphicx 2014/04/25 v1.0g Enhanced LaTeX Graphics (DPC,SPQR)

("C:\Program Files (x86)\MiKTeX 2.9\tex\latex\graphics\graphics.sty"
Package: graphics 2009/02/05 v1.0o Standard LaTeX Graphics (DPC,SPQR)

("C:\Program Files (x86)\MiKTeX 2.9\tex\latex\graphics\trig.sty"
Package: trig 1999/03/16 v1.09 sin cos tan (DPC)
)
("C:\Program Files (x86)\MiKTeX 2.9\tex\latex\00miktex\graphics.cfg"
File: graphics.cfg 2007/01/18 v1.5 graphics configuration of teTeX/TeXLive
)
Package graphics Info: Driver file: pdftex.def on input line 91.

("C:\Program Files (x86)\MiKTeX 2.9\tex\latex\pdftex-def\pdftex.def"
File: pdftex.def 2011/05/27 v0.06d Graphics/color for pdfTeX

("C:\Program Files (x86)\MiKTeX 2.9\tex\generic\oberdiek\infwarerr.sty"
Package: infwarerr 2010/04/08 v1.3 Providing info/warning/error messages (HO)
)
("C:\Program Files (x86)\MiKTeX 2.9\tex\generic\oberdiek\ltxcmds.sty"
Package: ltxcmds 2011/11/09 v1.22 LaTeX kernel commands for general use (HO)
)
\Gread@gobject=\count96
))
\Gin@req@height=\dimen108
\Gin@req@width=\dimen109
)
("C:\Program Files (x86)\MiKTeX 2.9\tex\latex\ltxmisc\parskip.sty"
Package: parskip 2001/04/09 non-zero parskip adjustments
)
("C:\Program Files (x86)\MiKTeX 2.9\tex\latex\mathtools\mathtools.sty"
Package: mathtools 2014/07/16 v1.15 mathematical typesetting tools

("C:\Program Files (x86)\MiKTeX 2.9\tex\latex\tools\calc.sty"
Package: calc 2007/08/22 v4.3 Infix arithmetic (KKT,FJ)
\calc@Acount=\count97
\calc@Bcount=\count98
\calc@Adimen=\dimen110
\calc@Bdimen=\dimen111
\calc@Askip=\skip43
\calc@Bskip=\skip44
LaTeX Info: Redefining \setlength on input line 75.
LaTeX Info: Redefining \addtolength on input line 76.
\calc@Ccount=\count99
\calc@Cskip=\skip45
)
("C:\Program Files (x86)\MiKTeX 2.9\tex\latex\mathtools\mhsetup.sty"
Package: mhsetup 2010/01/21 v1.2a programming setup (MH)
)
("C:\Program Files (x86)\MiKTeX 2.9\tex\latex\amsmath\amsmath.sty"
Package: amsmath 2013/01/14 v2.14 AMS math features
\@mathmargin=\skip46

For additional information on amsmath, use the `?' option.
("C:\Program Files (x86)\MiKTeX 2.9\tex\latex\amsmath\amstext.sty"
Package: amstext 2000/06/29 v2.01

("C:\Program Files (x86)\MiKTeX 2.9\tex\latex\amsmath\amsgen.sty"
File: amsgen.sty 1999/11/30 v2.0
\@emptytoks=\toks22
\ex@=\dimen112
))
("C:\Program Files (x86)\MiKTeX 2.9\tex\latex\amsmath\amsbsy.sty"
Package: amsbsy 1999/11/29 v1.2d
\pmbraise@=\dimen113
)
("C:\Program Files (x86)\MiKTeX 2.9\tex\latex\amsmath\amsopn.sty"
Package: amsopn 1999/12/14 v2.01 operator names
)
\inf@bad=\count100
LaTeX Info: Redefining \frac on input line 210.
\uproot@=\count101
\leftroot@=\count102
LaTeX Info: Redefining \overline on input line 306.
\classnum@=\count103
\DOTSCASE@=\count104
LaTeX Info: Redefining \ldots on input line 378.
LaTeX Info: Redefining \dots on input line 381.
LaTeX Info: Redefining \cdots on input line 466.
\Mathstrutbox@=\box30
\strutbox@=\box31
\big@size=\dimen114
LaTeX Font Info:    Redeclaring font encoding OML on input line 566.
LaTeX Font Info:    Redeclaring font encoding OMS on input line 567.
\macc@depth=\count105
\c@MaxMatrixCols=\count106
\dotsspace@=\muskip10
\c@parentequation=\count107
\dspbrk@lvl=\count108
\tag@help=\toks23
\row@=\count109
\column@=\count110
\maxfields@=\count111
\andhelp@=\toks24
\eqnshift@=\dimen115
\alignsep@=\dimen116
\tagshift@=\dimen117
\tagwidth@=\dimen118
\totwidth@=\dimen119
\lineht@=\dimen120
\@envbody=\toks25
\multlinegap=\skip47
\multlinetaggap=\skip48
\mathdisplay@stack=\toks26
LaTeX Info: Redefining \[ on input line 2665.
LaTeX Info: Redefining \] on input line 2666.
)
LaTeX Info: Thecontrolsequence`\['isalreadyrobust on input line 129.
LaTeX Info: Thecontrolsequence`\]'isalreadyrobust on input line 129.
\g_MT_multlinerow_int=\count112
\l_MT_multwidth_dim=\dimen121
\origjot=\skip49
\l_MT_shortvdotswithinadjustabove_dim=\dimen122
\l_MT_shortvdotswithinadjustbelow_dim=\dimen123
\l_MT_above_intertext_sep=\dimen124
\l_MT_below_intertext_sep=\dimen125
\l_MT_above_shortintertext_sep=\dimen126
\l_MT_below_shortintertext_sep=\dimen127
)
("C:\Program Files (x86)\MiKTeX 2.9\tex\latex\hyperref\hyperref.sty"
Package: hyperref 2012/11/06 v6.83m Hypertext links for LaTeX

("C:\Program Files (x86)\MiKTeX 2.9\tex\generic\oberdiek\hobsub-hyperref.sty"
Package: hobsub-hyperref 2012/04/25 v1.12 Bundle oberdiek, subset hyperref (HO)


("C:\Program Files (x86)\MiKTeX 2.9\tex\generic\oberdiek\hobsub-generic.sty"
Package: hobsub-generic 2012/04/25 v1.12 Bundle oberdiek, subset generic (HO)
Package: hobsub 2012/04/25 v1.12 Construct package bundles (HO)
Package hobsub Info: Skipping package `infwarerr' (already loaded).
Package hobsub Info: Skipping package `ltxcmds' (already loaded).
Package: ifluatex 2010/03/01 v1.3 Provides the ifluatex switch (HO)
Package ifluatex Info: LuaTeX not detected.
Package: ifvtex 2010/03/01 v1.5 Detect VTeX and its facilities (HO)
Package ifvtex Info: VTeX not detected.
Package: intcalc 2007/09/27 v1.1 Expandable calculations with integers (HO)
Package: ifpdf 2011/01/30 v2.3 Provides the ifpdf switch (HO)
Package ifpdf Info: pdfTeX in PDF mode is detected.
Package: etexcmds 2011/02/16 v1.5 Avoid name clashes with e-TeX commands (HO)
Package etexcmds Info: Could not find \expanded.
(etexcmds)             That can mean that you are not using pdfTeX 1.50 or
(etexcmds)             that some package has redefined \expanded.
(etexcmds)             In the latter case, load this package earlier.
Package: kvsetkeys 2012/04/25 v1.16 Key value parser (HO)
Package: kvdefinekeys 2011/04/07 v1.3 Define keys (HO)
Package: pdftexcmds 2011/11/29 v0.20 Utility functions of pdfTeX for LuaTeX (HO
)
Package pdftexcmds Info: LuaTeX not detected.
Package pdftexcmds Info: \pdf@primitive is available.
Package pdftexcmds Info: \pdf@ifprimitive is available.
Package pdftexcmds Info: \pdfdraftmode found.
Package: pdfescape 2011/11/25 v1.13 Implements pdfTeX's escape features (HO)
Package: bigintcalc 2012/04/08 v1.3 Expandable calculations on big integers (HO
)
Package: bitset 2011/01/30 v1.1 Handle bit-vector datatype (HO)
Package: uniquecounter 2011/01/30 v1.2 Provide unlimited unique counter (HO)
)
Package hobsub Info: Skipping package `hobsub' (already loaded).
Package: letltxmacro 2010/09/02 v1.4 Let assignment for LaTeX macros (HO)
Package: hopatch 2011/06/24 v1.1 Wrapper for package hooks (HO)
Package: xcolor-patch 2011/01/30 xcolor patch
Package: atveryend 2011/06/30 v1.8 Hooks at the very end of document (HO)
Package atveryend Info: \enddocument detected (standard20110627).
Package: atbegshi 2011/10/05 v1.16 At begin shipout hook (HO)
Package: refcount 2011/10/16 v3.4 Data extraction from label references (HO)
Package: hycolor 2011/01/30 v1.7 Color options for hyperref/bookmark (HO)
)
("C:\Program Files (x86)\MiKTeX 2.9\tex\generic\ifxetex\ifxetex.sty"
Package: ifxetex 2010/09/12 v0.6 Provides ifxetex conditional
)
("C:\Program Files (x86)\MiKTeX 2.9\tex\latex\oberdiek\auxhook.sty"
Package: auxhook 2011/03/04 v1.3 Hooks for auxiliary files (HO)
)
("C:\Program Files (x86)\MiKTeX 2.9\tex\latex\oberdiek\kvoptions.sty"
Package: kvoptions 2011/06/30 v3.11 Key value format for package options (HO)
)
\@linkdim=\dimen128
\Hy@linkcounter=\count113
\Hy@pagecounter=\count114

("C:\Program Files (x86)\MiKTeX 2.9\tex\latex\hyperref\pd1enc.def"
File: pd1enc.def 2012/11/06 v6.83m Hyperref: PDFDocEncoding definition (HO)
Now handling font encoding PD1 ...
... no UTF-8 mapping file for font encoding PD1
)
\Hy@SavedSpaceFactor=\count115

("C:\Program Files (x86)\MiKTeX 2.9\tex\latex\00miktex\hyperref.cfg"
File: hyperref.cfg 2002/06/06 v1.2 hyperref configuration of TeXLive
)
Package hyperref Info: Hyper figures OFF on input line 4443.
Package hyperref Info: Link nesting OFF on input line 4448.
Package hyperref Info: Hyper index ON on input line 4451.
Package hyperref Info: Plain pages OFF on input line 4458.
Package hyperref Info: Backreferencing OFF on input line 4463.
Package hyperref Info: Implicit mode ON; LaTeX internals redefined.
Package hyperref Info: Bookmarks ON on input line 4688.
\c@Hy@tempcnt=\count116

("C:\Program Files (x86)\MiKTeX 2.9\tex\latex\url\url.sty"
\Urlmuskip=\muskip11
Package: url 2013/09/16  ver 3.4  Verb mode for urls, etc.
)
LaTeX Info: Redefining \url on input line 5041.
\XeTeXLinkMargin=\dimen129
\Fld@menulength=\count117
\Field@Width=\dimen130
\Fld@charsize=\dimen131
Package hyperref Info: Hyper figures OFF on input line 6295.
Package hyperref Info: Link nesting OFF on input line 6300.
Package hyperref Info: Hyper index ON on input line 6303.
Package hyperref Info: backreferencing OFF on input line 6310.
Package hyperref Info: Link coloring OFF on input line 6315.
Package hyperref Info: Link coloring with OCG OFF on input line 6320.
Package hyperref Info: PDF/A mode OFF on input line 6325.
LaTeX Info: Redefining \ref on input line 6365.
LaTeX Info: Redefining \pageref on input line 6369.
\Hy@abspage=\count118
\c@Item=\count119
\c@Hfootnote=\count120
)

Package hyperref Message: Driver (autodetected): hpdftex.

("C:\Program Files (x86)\MiKTeX 2.9\tex\latex\hyperref\hpdftex.def"
File: hpdftex.def 2012/11/06 v6.83m Hyperref driver for pdfTeX
\Fld@listcount=\count121
\c@bookmark@seq@number=\count122

("C:\Program Files (x86)\MiKTeX 2.9\tex\latex\oberdiek\rerunfilecheck.sty"
Package: rerunfilecheck 2011/04/15 v1.7 Rerun checks for auxiliary files (HO)
Package uniquecounter Info: New unique counter `rerunfilecheck' on input line 2
82.
)
\Hy@SectionHShift=\skip50
)
("C:\Program Files (x86)\MiKTeX 2.9\tex\latex\marvosym\marvosym.sty"
Package: marvosym 2011/07/20 v2.2 Martin Vogel's Symbols font definitions
)
("C:\Program Files (x86)\MiKTeX 2.9\tex\latex\enumitem\enumitem.sty"
Package: enumitem 2011/09/28 v3.5.2 Customized lists
\labelindent=\skip51
\enit@outerparindent=\dimen132
\enit@toks=\toks27
\enit@inbox=\box32
\enitdp@description=\count123
)
("C:\Program Files (x86)\MiKTeX 2.9\tex\latex\float\float.sty"
Package: float 2001/11/08 v1.3d Float enhancements (AL)
\c@float@type=\count124
\float@exts=\toks28
\float@box=\box33
\@float@everytoks=\toks29
\@floatcapt=\box34
)
("C:\Program Files (x86)\MiKTeX 2.9\tex\latex\algorithmicx\algpseudocode.sty"
Package: algpseudocode 

("C:\Program Files (x86)\MiKTeX 2.9\tex\latex\base\ifthen.sty"
Package: ifthen 2001/05/26 v1.1c Standard LaTeX ifthen package (DPC)
)
("C:\Program Files (x86)\MiKTeX 2.9\tex\latex\algorithmicx\algorithmicx.sty"
Package: algorithmicx 2005/04/27 v1.2 Algorithmicx

Document Style algorithmicx 1.2 - a greatly improved `algorithmic' style
\c@ALG@line=\count125
\c@ALG@rem=\count126
\c@ALG@nested=\count127
\ALG@tlm=\skip52
\ALG@thistlm=\skip53
\c@ALG@Lnr=\count128
\c@ALG@blocknr=\count129
\c@ALG@storecount=\count130
\c@ALG@tmpcounter=\count131
\ALG@tmplength=\skip54
)
Document Style - pseudocode environments for use with the `algorithmicx' style
) (C:\Users\30710\AppData\Roaming\MiKTeX\2.9\tex\latex\algorithms\algorithm.sty
Package: algorithm 2009/08/24 v0.1 Document Style `algorithm' - floating enviro
nment
\@float@every@algorithm=\toks30
\c@algorithm=\count132
) ("C:\Program Files (x86)\MiKTeX 2.9\tex\latex\comment\comment.sty"
\CommentStream=\write4

Excluding comment 'comment')
("C:\Program Files (x86)\MiKTeX 2.9\tex\latex\tools\longtable.sty"
Package: longtable 2004/02/01 v4.11 Multi-page Table package (DPC)
\LTleft=\skip55
\LTright=\skip56
\LTpre=\skip57
\LTpost=\skip58
\LTchunksize=\count133
\LTcapwidth=\dimen133
\LT@head=\box35
\LT@firsthead=\box36
\LT@foot=\box37
\LT@lastfoot=\box38
\LT@cols=\count134
\LT@rows=\count135
\c@LT@tables=\count136
\c@LT@chunks=\count137
\LT@p@ftn=\toks31
)
("C:\Program Files (x86)\MiKTeX 2.9\tex\latex\oberdiek\pdflscape.sty"
Package: pdflscape 2008/08/11 v0.10 Display of landscape pages in PDF (HO)

("C:\Program Files (x86)\MiKTeX 2.9\tex\latex\graphics\lscape.sty"
Package: lscape 2000/10/22 v3.01 Landscape Pages (DPC)
)
Package pdflscape Info: Auto-detected driver: pdftex on input line 80.
)
("C:\Program Files (x86)\MiKTeX 2.9\tex\latex\fancyhdr\fancyhdr.sty"
\fancy@headwidth=\skip59
\f@ncyO@elh=\skip60
\f@ncyO@erh=\skip61
\f@ncyO@olh=\skip62
\f@ncyO@orh=\skip63
\f@ncyO@elf=\skip64
\f@ncyO@erf=\skip65
\f@ncyO@olf=\skip66
\f@ncyO@orf=\skip67
)
("C:\Program Files (x86)\MiKTeX 2.9\tex\latex\xcolor\xcolor.sty"
Package: xcolor 2007/01/21 v2.11 LaTeX color extensions (UK)

("C:\Program Files (x86)\MiKTeX 2.9\tex\latex\00miktex\color.cfg"
File: color.cfg 2007/01/18 v1.5 color configuration of teTeX/TeXLive
)
Package xcolor Info: Driver file: pdftex.def on input line 225.
Package xcolor Info: Model `cmy' substituted by `cmy0' on input line 1337.
Package xcolor Info: Model `hsb' substituted by `rgb' on input line 1341.
Package xcolor Info: Model `RGB' extended on input line 1353.
Package xcolor Info: Model `HTML' substituted by `rgb' on input line 1355.
Package xcolor Info: Model `Hsb' substituted by `hsb' on input line 1356.
Package xcolor Info: Model `tHsb' substituted by `hsb' on input line 1357.
Package xcolor Info: Model `HSB' substituted by `hsb' on input line 1358.
Package xcolor Info: Model `Gray' substituted by `gray' on input line 1359.
Package xcolor Info: Model `wave' substituted by `hsb' on input line 1360.
))
(U:\git\COMP4Coursework5\coursework.aux
(U:\git\COMP4Coursework5\Analysis\analysis.aux

LaTeX Warning: Label `fig:invoice' multiply defined.


LaTeX Warning: Label `fig:invoice' multiply defined.

) (U:\git\COMP4Coursework5\Design\design.aux

LaTeX Warning: Label `fig:Entity_Relationship_Diagram' multiply defined.

) (U:\git\COMP4Coursework5\Testing\testing.aux)
(U:\git\COMP4Coursework5\Maintenance\maintenance.aux)
(U:\git\COMP4Coursework5\Manual\manual.aux)
(U:\git\COMP4Coursework5\Evaluation\evaluation.aux))
LaTeX Font Info:    Checking defaults for OML/cmm/m/it on input line 4.
LaTeX Font Info:    ... okay on input line 4.
LaTeX Font Info:    Checking defaults for T1/cmr/m/n on input line 4.
LaTeX Font Info:    ... okay on input line 4.
LaTeX Font Info:    Checking defaults for OT1/cmr/m/n on input line 4.
LaTeX Font Info:    ... okay on input line 4.
LaTeX Font Info:    Checking defaults for OMS/cmsy/m/n on input line 4.
LaTeX Font Info:    ... okay on input line 4.
LaTeX Font Info:    Checking defaults for OMX/cmex/m/n on input line 4.
LaTeX Font Info:    ... okay on input line 4.
LaTeX Font Info:    Checking defaults for U/cmr/m/n on input line 4.
LaTeX Font Info:    ... okay on input line 4.
LaTeX Font Info:    Checking defaults for PD1/pdf/m/n on input line 4.
LaTeX Font Info:    ... okay on input line 4.
\c@lstlisting=\count138

(C:\Users\30710\AppData\Roaming\MiKTeX\2.9\tex\context\base\supp-pdf.mkii
[Loading MPS to PDF converter (version 2006.09.02).]
\scratchcounter=\count139
\scratchdimen=\dimen134
\scratchbox=\box39
\nofMPsegments=\count140
\nofMParguments=\count141
\everyMPshowfont=\toks32
\MPscratchCnt=\count142
\MPscratchDim=\dimen135
\MPnumerator=\count143
\makeMPintoPDFobject=\count144
\everyMPtoPDFconversion=\toks33
)
\AtBeginShipoutBox=\box40
Package hyperref Info: Link coloring OFF on input line 4.
 ("C:\Program Files (x86)\MiKTeX 2.9\tex\latex\hyperref\nameref.sty"
Package: nameref 2012/10/27 v2.43 Cross-referencing by name of section

("C:\Program Files (x86)\MiKTeX 2.9\tex\generic\oberdiek\gettitlestring.sty"
Package: gettitlestring 2010/12/03 v1.4 Cleanup title references (HO)
)
\c@section@level=\count145
)
LaTeX Info: Redefining \ref on input line 4.
LaTeX Info: Redefining \pageref on input line 4.
LaTeX Info: Redefining \nameref on input line 4.

(U:\git\COMP4Coursework5\coursework.out)
(U:\git\COMP4Coursework5\coursework.out)
\@outlinefile=\write5
 [1



{C:/Users/30710/AppData/Local/MiKTeX/2.9/pdftex/config/pdftex.map}] (U:\git\COM
P4Coursework5\coursework.tocpdfTeX warning (ext4): destination with the same id
entifier (name{page.1}) has been already used, duplicate ignored
<to be read again> 
                   \relax 
l.43 ...ter}{\numberline {2}Design}{49}{chapter.2}
                                                   [1

] [2] [3])
\tf@toc=\write6
 [4]
(U:\git\COMP4Coursework5\Analysis\analysis.tex
Chapter 1.
[5


]
Underfull \hbox (badness 10000) in paragraph at lines 71--73

 []

[6]
Underfull \hbox (badness 10000) in paragraph at lines 73--75

 []


Underfull \hbox (badness 10000) in paragraph at lines 75--77

 []


Underfull \hbox (badness 10000) in paragraph at lines 77--79

 []


Underfull \hbox (badness 10000) in paragraph at lines 79--81

 []


Underfull \hbox (badness 10000) in paragraph at lines 81--83

 []


Underfull \hbox (badness 10000) in paragraph at lines 83--85

 []


Underfull \hbox (badness 10000) in paragraph at lines 85--87

 []


Underfull \hbox (badness 10000) in paragraph at lines 87--89

 []

[7]
Underfull \hbox (badness 10000) in paragraph at lines 89--91

 []


Underfull \hbox (badness 10000) in paragraph at lines 91--93

 []


Underfull \hbox (badness 10000) in paragraph at lines 93--95

 []


Underfull \hbox (badness 10000) in paragraph at lines 95--97

 []


Underfull \hbox (badness 10000) in paragraph at lines 97--99

 []

<./Analysis/images/signature.jpg, id=738, 93.34875pt x 60.97781pt>
File: ./Analysis/images/signature.jpg Graphic file (type jpg)

<use ./Analysis/images/signature.jpg>
Package pdftex.def Info: ./Analysis/images/signature.jpg used on input line 105
.
(pdftex.def)             Requested size: 93.34851pt x 60.97765pt.
 [8 <U:/git/COMP4Coursework5/Analysis/images/signature.jpg>]
Underfull \hbox (badness 10000) in paragraph at lines 140--141
[]\OT1/cmr/m/n/10 Client Con-tact
 []


Underfull \hbox (badness 6708) in paragraph at lines 140--141
\OT1/cmr/m/n/10 in-for-ma-tion First-
 []


Underfull \hbox (badness 2393) in paragraph at lines 140--141
\OT1/cmr/m/n/10 name - Last-name
 []


Underfull \hbox (badness 3219) in paragraph at lines 140--141
\OT1/cmr/m/n/10 - pho-neNum-ber -
 []


Underfull \hbox (badness 10000) in paragraph at lines 140--141
\OT1/cmr/m/n/10 - Ad-dr-Line4 -
 []


Underfull \hbox (badness 7759) in paragraph at lines 143--143
[]\OT1/cmr/m/n/10 John - Smith -
 []


Underfull \hbox (badness 2990) in paragraph at lines 143--143
\OT1/cmr/m/n/10 07809726812 - 15
 []


Underfull \hbox (badness 10000) in paragraph at lines 143--143
\OT1/cmr/m/n/10 - Crow-ley Road
 []


Underfull \hbox (badness 1286) in paragraph at lines 143--143
\OT1/cmr/m/n/10 - Haver-hill - Suf-
 []


Underfull \hbox (badness 2970) in paragraph at lines 143--143
\OT1/cmr/m/n/10 folk - CB90DJ -
 []


Underfull \hbox (badness 10000) in paragraph at lines 143--143
\OT1/cmr/m/n/10 john@gmail.com
 []


Underfull \hbox (badness 3417) in paragraph at lines 143--143
\OT1/cmr/m/n/10 - Plas-ter-ing Bed-
 []


Underfull \hbox (badness 10000) in paragraph at lines 145--146
[]\OT1/cmr/m/n/10 Appointment and
 []


Underfull \hbox (badness 10000) in paragraph at lines 162--162
[]\OT1/cmr/m/n/10 Measurements of
 []


Underfull \hbox (badness 1755) in paragraph at lines 164--164
$\OT1/cmr/m/n/10 60\OML/cmm/m/it/10 m[]$ \OT1/cmr/m/n/10 10 Bags of
 []


Underfull \hbox (badness 5288) in paragraph at lines 172--172
\OT1/cmr/m/n/10 that needs do-ing
 []


Underfull \hbox (badness 10000) in paragraph at lines 205--205
[]\OT1/cmr/m/n/10 Invoice - To-tal
 []


Underfull \hbox (badness 10000) in paragraph at lines 205--205
\OT1/cmr/m/n/10 cost of the job
 []


Underfull \hbox (badness 10000) in paragraph at lines 205--205
\OT1/cmr/m/n/10 of parts,labouring
 []


Overfull \hbox (44.43304pt too wide) in paragraph at lines 132--214
 [] 
 []

[9] [10]
Package hyperref Info: bookmark level for unknown algorithm defaults to 0 on in
put line 224.
 [11] [12]
<./Analysis/images/key.pdf, id=776, 597.23125pt x 845.1575pt>
File: ./Analysis/images/key.pdf Graphic file (type pdf)

<use ./Analysis/images/key.pdf>
Package pdftex.def Info: ./Analysis/images/key.pdf used on input line 305.
(pdftex.def)             Requested size: 298.61488pt x 422.57771pt.

<./Analysis/images/ClientInformation.pdf, id=777, 597.23125pt x 845.1575pt>
File: ./Analysis/images/ClientInformation.pdf Graphic file (type pdf)

<use ./Analysis/images/ClientInformation.pdf>
Package pdftex.def Info: ./Analysis/images/ClientInformation.pdf used on input 
line 310.
(pdftex.def)             Requested size: 298.61488pt x 422.57771pt.
 [13pdfTeX warning (ext4): destination with the same identifier (name{figure.1.
1}) has been already used, duplicate ignored

\AtBegShi@Output ...ipout \box \AtBeginShipoutBox 
                                                  \fi \fi 
l.313 
       <U:/git/COMP4Coursework5/Analysis/images/key.pdf>]
<./Analysis/images/AppointmentDFD.pdf, id=793, 597.23125pt x 845.1575pt>
File: ./Analysis/images/AppointmentDFD.pdf Graphic file (type pdf)

<use ./Analysis/images/AppointmentDFD.pdf>
Package pdftex.def Info: ./Analysis/images/AppointmentDFD.pdf used on input lin
e 315.
(pdftex.def)             Requested size: 345.0pt x 488.2186pt.
 [14pdfTeX warning (ext4): destination with the same identifier (name{figure.1.
2}) has been already used, duplicate ignored

\AtBegShi@Output ...ipout \box \AtBeginShipoutBox 
                                                  \fi \fi 
l.318 
       <U:/git/COMP4Coursework5/Analysis/images/ClientInformation.pdf>]
<./Analysis/images/GettingMeasurements.pdf, id=808, 597.23125pt x 845.1575pt>
File: ./Analysis/images/GettingMeasurements.pdf Graphic file (type pdf)

<use ./Analysis/images/GettingMeasurements.pdf>
Package pdftex.def Info: ./Analysis/images/GettingMeasurements.pdf used on inpu
t line 320.
(pdftex.def)             Requested size: 345.0pt x 488.2186pt.
 [15pdfTeX warning (ext4): destination with the same identifier (name{figure.1.
3}) has been already used, duplicate ignored

\AtBegShi@Output ...ipout \box \AtBeginShipoutBox 
                                                  \fi \fi 
l.323 
       <U:/git/COMP4Coursework5/Analysis/images/AppointmentDFD.pdf>]
<./Analysis/images/GeneratingQuote.pdf, id=823, 597.23125pt x 845.1575pt>
File: ./Analysis/images/GeneratingQuote.pdf Graphic file (type pdf)

<use ./Analysis/images/GeneratingQuote.pdf>
Package pdftex.def Info: ./Analysis/images/GeneratingQuote.pdf used on input li
ne 326.
(pdftex.def)             Requested size: 345.0pt x 488.2186pt.
 [16pdfTeX warning (ext4): destination with the same identifier (name{figure.1.
4}) has been already used, duplicate ignored

\AtBegShi@Output ...ipout \box \AtBeginShipoutBox 
                                                  \fi \fi 
l.329 
       <U:/git/COMP4Coursework5/Analysis/images/GettingMeasurements.pdf>]
<./Analysis/images/GettingQuoteFromBuildersMerchant.pdf, id=838, 597.23125pt x 
845.1575pt>
File: ./Analysis/images/GettingQuoteFromBuildersMerchant.pdf Graphic file (type
 pdf)
 <use ./Analysis/images/GettingQuoteFromBuildersMerchant.pdf>
Package pdftex.def Info: ./Analysis/images/GettingQuoteFromBuildersMerchant.pdf
 used on input line 331.
(pdftex.def)             Requested size: 345.0pt x 488.2186pt.

[17pdfTeX warning (ext4): destination with the same identifier (name{figure.1.5
}) has been already used, duplicate ignored

\AtBegShi@Output ...ipout \box \AtBeginShipoutBox 
                                                  \fi \fi 
l.334 
       <U:/git/COMP4Coursework5/Analysis/images/GeneratingQuote.pdf>]
<./Analysis/images/GivingAnInvoiceToClient.pdf, id=853, 597.23125pt x 845.1575p
t>
File: ./Analysis/images/GivingAnInvoiceToClient.pdf Graphic file (type pdf)
 <use ./Analysis/images/GivingAnInvoiceToClient.pdf>
Package pdftex.def Info: ./Analysis/images/GivingAnInvoiceToClient.pdf used on 
input line 338.
(pdftex.def)             Requested size: 345.0pt x 488.2186pt.
 [18pdfTeX warning (ext4): destination with the same identifier (name{figure.1.
6}) has been already used, duplicate ignored

\AtBegShi@Output ...ipout \box \AtBeginShipoutBox 
                                                  \fi \fi 
l.341 
       <U:/git/COMP4Coursework5/Analysis/images/GettingQuoteFromBuildersMerchan
t.pdf>] [19pdfTeX warning (ext4): destination with the same identifier (name{fi
gure.1.7}) has been already used, duplicate ignored

\AtBegShi@Output ...ipout \box \AtBeginShipoutBox 
                                                  \fi \fi 
l.351 
       <U:/git/COMP4Coursework5/Analysis/images/GivingAnInvoiceToClient.pdf>]
<./Analysis/images/workbookPage.jpg, id=883, 542.025pt x 963.6pt>
File: ./Analysis/images/workbookPage.jpg Graphic file (type jpg)

<use ./Analysis/images/workbookPage.jpg>
Package pdftex.def Info: ./Analysis/images/workbookPage.jpg used on input line 
354.
(pdftex.def)             Requested size: 216.80615pt x 385.43317pt.

<./Analysis/images/invoice.jpg, id=884, 542.025pt x 963.6pt>
File: ./Analysis/images/invoice.jpg Graphic file (type jpg)

<use ./Analysis/images/invoice.jpg>
Package pdftex.def Info: ./Analysis/images/invoice.jpg used on input line 359.
(pdftex.def)             Requested size: 271.01183pt x 481.79883pt.
 [20pdfTeX warning (ext4): destination with the same identifier (name{figure.1.
8}) has been already used, duplicate ignored

\AtBegShi@Output ...ipout \box \AtBeginShipoutBox 
                                                  \fi \fi 
l.362 
       <U:/git/COMP4Coursework5/Analysis/images/workbookPage.jpg>]
<./Analysis/images/invoice2.jpg, id=891, 542.025pt x 963.6pt>
File: ./Analysis/images/invoice2.jpg Graphic file (type jpg)

<use ./Analysis/images/invoice2.jpg>
Package pdftex.def Info: ./Analysis/images/invoice2.jpg used on input line 364.

(pdftex.def)             Requested size: 271.01183pt x 481.79883pt.
 [21pdfTeX warning (ext4): destination with the same identifier (name{figure.1.
9}) has been already used, duplicate ignored

\AtBegShi@Output ...ipout \box \AtBeginShipoutBox 
                                                  \fi \fi 
l.367 
       <U:/git/COMP4Coursework5/Analysis/images/invoice.jpg>]
<./Analysis/images/invoice3.jpg, id=897, 542.025pt x 963.6pt>
File: ./Analysis/images/invoice3.jpg Graphic file (type jpg)

<use ./Analysis/images/invoice3.jpg>
Package pdftex.def Info: ./Analysis/images/invoice3.jpg used on input line 370.

(pdftex.def)             Requested size: 271.01183pt x 481.79883pt.
 [22pdfTeX warning (ext4): destination with the same identifier (name{figure.1.
10}) has been already used, duplicate ignored

\AtBegShi@Output ...ipout \box \AtBeginShipoutBox 
                                                  \fi \fi 
l.373 
       <U:/git/COMP4Coursework5/Analysis/images/invoice2.jpg>]
LaTeX Font Info:    Try loading font information for OML+cmr on input line 383.


("C:\Program Files (x86)\MiKTeX 2.9\tex\latex\base\omlcmr.fd"
File: omlcmr.fd 1999/05/25 v2.5h Standard LaTeX font definitions
)
LaTeX Font Info:    Font shape `OML/cmr/m/n' in size <10> not available
(Font)              Font shape `OML/cmm/m/it' tried instead on input line 383.

Overfull \hbox (72.8858pt too wide) in alignment at lines 381--402
 [] [] [] [] 
 []

[23pdfTeX warning (ext4): destination with the same identifier (name{figure.1.1
1}) has been already used, duplicate ignored

\AtBegShi@Output ...ipout \box \AtBeginShipoutBox 
                                                  \fi \fi 
l.402 ... & String/text & Client Records \\ \hline
                                                   <U:/git/COMP4Coursework5/Ana
lysis/images/invoice3.jpg>]
Underfull \vbox (badness 10000) detected at line 402
 []


Underfull \hbox (badness 10000) in paragraph at lines 415--415
[]|\OT1/cmr/m/n/10 Appointment
 []


Underfull \hbox (badness 10000) in paragraph at lines 416--416
[]|\OT1/cmr/m/n/10 Appointment
 []


Underfull \hbox (badness 10000) in paragraph at lines 417--417
[]|\OT1/cmr/m/n/10 Appointment
 []


Underfull \hbox (badness 10000) in paragraph at lines 418--418
[]|\OT1/cmr/m/n/10 Appointment
 []


Underfull \hbox (badness 10000) in paragraph at lines 419--419
[]|\OT1/cmr/m/n/10 Appointment
 []


Underfull \hbox (badness 10000) in paragraph at lines 420--420
[]|\OT1/cmr/m/n/10 Appointment
 []


Underfull \hbox (badness 10000) in paragraph at lines 421--421
[]|\OT1/cmr/m/n/10 Appointment
 []


Underfull \hbox (badness 10000) in paragraph at lines 422--422
[]|\OT1/cmr/m/n/10 Appointment
 []


Overfull \hbox (72.8858pt too wide) in alignment at lines 402--422
 [] [] [] [] 
 []


Underfull \hbox (badness 10000) in paragraph at lines 423--423
[]|\OT1/cmr/m/n/10 Appointment
 []


Underfull \hbox (badness 10000) in paragraph at lines 433--433
[]|\OT1/cmr/m/n/10 JobMaterials
 []


Underfull \hbox (badness 10000) in paragraph at lines 434--434
[]|\OT1/cmr/m/n/10 JobMaterials
 []


Underfull \hbox (badness 10000) in paragraph at lines 435--435
[]|\OT1/cmr/m/n/10 JobMaterials
 []


Underfull \hbox (badness 10000) in paragraph at lines 436--436
[]|\OT1/cmr/m/n/10 JobMaterials
 []


Overfull \hbox (72.8858pt too wide) in alignment at lines 422--439
 [] [] [] [] 
 []

[24]
<./Analysis/images/proposedSystemGainingClientInfo.pdf, id=915, 597.23125pt x 8
45.1575pt>
File: ./Analysis/images/proposedSystemGainingClientInfo.pdf Graphic file (type 
pdf)
 <use ./Analysis/images/proposedSystemGainingClientInfo.pdf>
Package pdftex.def Info: ./Analysis/images/proposedSystemGainingClientInfo.pdf 
used on input line 447.
(pdftex.def)             Requested size: 345.0pt x 488.2186pt.
 [25]
Overfull \vbox (15.5658pt too high) has occurred while \output is active []


[26pdfTeX warning (ext4): destination with the same identifier (name{figure.1.1
2}) has been already used, duplicate ignored

\AtBegShi@Output ...ipout \box \AtBeginShipoutBox 
                                                  \fi \fi 
l.450 
       <U:/git/COMP4Coursework5/Analysis/images/proposedSystemGainingClientInfo
.pdf>]
<./Analysis/images/proposedSystemGettingMeasurements.pdf, id=935, 597.23125pt x
 845.1575pt>
File: ./Analysis/images/proposedSystemGettingMeasurements.pdf Graphic file (typ
e pdf)
 <use ./Analysis/images/proposedSystemGettingMeasurements.pdf>
Package pdftex.def Info: ./Analysis/images/proposedSystemGettingMeasurements.pd
f used on input line 453.
(pdftex.def)             Requested size: 345.0pt x 488.2186pt.

<./Analysis/images/proposedSystemGivingClientAppointmentTime.pdf, id=936, 597.2
3125pt x 845.1575pt>
File: ./Analysis/images/proposedSystemGivingClientAppointmentTime.pdf Graphic f
ile (type pdf)

<use ./Analysis/images/proposedSystemGivingClientAppointmentTime.pdf>
Package pdftex.def Info: ./Analysis/images/proposedSystemGivingClientAppointmen
tTime.pdf used on input line 459.
(pdftex.def)             Requested size: 345.0pt x 488.2186pt.
 [27pdfTeX warning (ext4): destination with the same identifier (name{figure.1.
13}) has been already used, duplicate ignored

\AtBegShi@Output ...ipout \box \AtBeginShipoutBox 
                                                  \fi \fi 
l.462 
       <U:/git/COMP4Coursework5/Analysis/images/proposedSystemGettingMeasuremen
ts.pdf>]
<./Analysis/images/proposedSystemGettingQuoteFromBuildersMerchant.pdf, id=951, 
597.23125pt x 845.1575pt>
File: ./Analysis/images/proposedSystemGettingQuoteFromBuildersMerchant.pdf Grap
hic file (type pdf)

<use ./Analysis/images/proposedSystemGettingQuoteFromBuildersMerchant.pdf>
Package pdftex.def Info: ./Analysis/images/proposedSystemGettingQuoteFromBuilde
rsMerchant.pdf used on input line 465.
(pdftex.def)             Requested size: 345.0pt x 488.2186pt.

[28pdfTeX warning (ext4): destination with the same identifier (name{figure.1.1
4}) has been already used, duplicate ignored

\AtBegShi@Output ...ipout \box \AtBeginShipoutBox 
                                                  \fi \fi 
l.468 
       <U:/git/COMP4Coursework5/Analysis/images/proposedSystemGivingClientAppoi
ntmentTime.pdf>]
<./Analysis/images/proposedSystemGeneratingQuoteForClient.pdf, id=966, 597.2312
5pt x 845.1575pt>
File: ./Analysis/images/proposedSystemGeneratingQuoteForClient.pdf Graphic file
 (type pdf)

<use ./Analysis/images/proposedSystemGeneratingQuoteForClient.pdf>
Package pdftex.def Info: ./Analysis/images/proposedSystemGeneratingQuoteForClie
nt.pdf used on input line 470.
(pdftex.def)             Requested size: 345.0pt x 488.2186pt.
 [29pdfTeX warning (ext4): destination with the same identifier (name{figure.1.
15}) has been already used, duplicate ignored

\AtBegShi@Output ...ipout \box \AtBeginShipoutBox 
                                                  \fi \fi 
l.473 
       <U:/git/COMP4Coursework5/Analysis/images/proposedSystemGettingQuoteFromB
uildersMerchant.pdf>]
Underfull \hbox (badness 10000) in paragraph at lines 483--483
[]|\OT1/cmr/bx/n/10 Data
 []


Underfull \hbox (badness 10000) in paragraph at lines 483--483
[]|\OT1/cmr/bx/n/10 Example
 []


Underfull \hbox (badness 10000) in paragraph at lines 490--490
[]|\OT1/cmr/m/n/10 Austin,
 []


Underfull \hbox (badness 10000) in paragraph at lines 491--491
[]|\OT1/cmr/m/n/10 15 Crow-ley
 []


Underfull \hbox (badness 6675) in paragraph at lines 494--494
[]|\OT1/cmr/m/n/10 Length and
 []


Underfull \hbox (badness 10000) in paragraph at lines 494--494
\OT1/cmr/m/n/10 For-mat
 []


Underfull \hbox (badness 6675) in paragraph at lines 495--495
[]|\OT1/cmr/m/n/10 Length and
 []


Underfull \hbox (badness 10000) in paragraph at lines 495--495
[]|\OT1/cmr/m/n/10 dan@
 []


Underfull \hbox (badness 10000) in paragraph at lines 496--496
[]|\OT1/cmr/m/n/10 07809 726
 []


Underfull \hbox (badness 10000) in paragraph at lines 502--502
[]|\OT1/cmr/m/n/10 Austin,
 []


Underfull \hbox (badness 10000) in paragraph at lines 503--503
[]|\OT1/cmr/m/n/10 15 Long
 []


Underfull \hbox (badness 6675) in paragraph at lines 506--506
[]|\OT1/cmr/m/n/10 Length and
 []


Underfull \hbox (badness 10000) in paragraph at lines 506--506
\OT1/cmr/m/n/10 For-mat
 []


Underfull \hbox (badness 6675) in paragraph at lines 507--507
[]|\OT1/cmr/m/n/10 Length and
 []


Underfull \hbox (badness 10000) in paragraph at lines 507--507
\OT1/cmr/m/n/10 For-mat
 []


Underfull \hbox (badness 10000) in paragraph at lines 507--507
[]|\OT1/cmr/m/n/10 dan@
 []


Underfull \hbox (badness 10000) in paragraph at lines 508--508
[]|\OT1/cmr/m/n/10 07710 300
 []


Overfull \hbox (99.73122pt too wide) in alignment at lines 481--508
 [] [] [] [] [] [] 
 []

[30pdfTeX warning (ext4): destination with the same identifier (name{figure.1.1
6}) has been already used, duplicate ignored

\AtBegShi@Output ...ipout \box \AtBeginShipoutBox 
                                                  \fi \fi 
l.508 ...hars & Length & 07710 300 678 & \\ \hline
                                                   <U:/git/COMP4Coursework5/Ana
lysis/images/proposedSystemGeneratingQuoteForClient.pdf>]
Underfull \vbox (badness 10000) detected at line 508
 []


Underfull \hbox (badness 10000) in paragraph at lines 514--514
[]|\OT1/cmr/m/n/10 10 - 1000
 []


Underfull \hbox (badness 10000) in paragraph at lines 514--514
\OT1/cmr/m/n/10 3m Liv-ing
 []


Underfull \hbox (badness 10000) in paragraph at lines 514--514
[]|\OT1/cmr/m/n/10 Description
 []


Underfull \hbox (badness 10000) in paragraph at lines 515--515
[]|\OT1/cmr/m/n/10 15 Long
 []


Underfull \hbox (badness 6675) in paragraph at lines 518--518
[]|\OT1/cmr/m/n/10 Length and
 []


Underfull \hbox (badness 10000) in paragraph at lines 518--518
\OT1/cmr/m/n/10 For-mat
 []


Underfull \hbox (badness 10000) in paragraph at lines 520--520
[]|\OT1/cmr/m/n/10 Presence
 []


Underfull \hbox (badness 10000) in paragraph at lines 520--520
[]|\OT1/cmr/m/n/10 TRUE,
 []


Underfull \hbox (badness 10000) in paragraph at lines 521--521
[]|\OT1/cmr/m/n/10 Presence
 []


Underfull \hbox (badness 10000) in paragraph at lines 521--521
[]|\OT1/cmr/m/n/10 TRUE,
 []


Underfull \hbox (badness 10000) in paragraph at lines 535--535
[]|\OT1/cmr/m/n/10 140, 890,
 []


Overfull \hbox (3.15347pt too wide) in paragraph at lines 536--536
[]|\OT1/cmr/m/n/10 InvoiceAmountAfterTax| 
 []


Underfull \hbox (badness 10000) in paragraph at lines 537--537
[]|\OT1/cmr/m/n/10 Presence
 []


Underfull \hbox (badness 10000) in paragraph at lines 537--537
[]|\OT1/cmr/m/n/10 TRUE,
 []


Overfull \hbox (1.07095pt too wide) in paragraph at lines 538--538
[]|\OT1/cmr/m/n/10 DateTime| 
 []


Underfull \hbox (badness 10000) in paragraph at lines 538--538
[]|\OT1/cmr/m/n/10 Presence
 []


Underfull \hbox (badness 10000) in paragraph at lines 538--538
[]|\OT1/cmr/m/n/10 14/12/2013
 []


Overfull \hbox (99.73122pt too wide) in alignment at lines 508--538
 [] [] [] [] [] [] 
 []


Underfull \hbox (badness 10000) in paragraph at lines 539--539
[]|\OT1/cmr/m/n/10 5 Days
 []


Underfull \hbox (badness 10000) in paragraph at lines 544--544
[]|\OT1/cmr/m/n/10 Presence
 []


Underfull \hbox (badness 10000) in paragraph at lines 545--545
[]|\OT1/cmr/m/n/10 Presence
 []


Overfull \hbox (1.9035pt too wide) in paragraph at lines 546--546
[]|\OT1/cmr/m/n/10 AppointmentAddrLine1| 
 []


Underfull \hbox (badness 10000) in paragraph at lines 546--546
[]|\OT1/cmr/m/n/10 15 Long
 []


Overfull \hbox (1.9035pt too wide) in paragraph at lines 547--547
[]|\OT1/cmr/m/n/10 AppointmentAddrLine2| 
 []


Overfull \hbox (1.9035pt too wide) in paragraph at lines 548--548
[]|\OT1/cmr/m/n/10 AppointmentAddrLine3| 
 []


Overfull \hbox (1.9035pt too wide) in paragraph at lines 549--549
[]|\OT1/cmr/m/n/10 AppointmentAddrLine4| 
 []


Underfull \hbox (badness 6675) in paragraph at lines 549--549
[]|\OT1/cmr/m/n/10 Length and
 []


Underfull \hbox (badness 10000) in paragraph at lines 549--549
\OT1/cmr/m/n/10 For-mat
 []


Overfull \hbox (99.73122pt too wide) in alignment at lines 538--551
 [] [] [] [] [] [] 
 []

[31] [32]
LaTeX Font Info:    Try loading font information for OMS+cmr on input line 565.

 ("C:\Program Files (x86)\MiKTeX 2.9\tex\latex\base\omscmr.fd"
File: omscmr.fd 1999/05/25 v2.5h Standard LaTeX font definitions
)
LaTeX Font Info:    Font shape `OMS/cmr/m/n' in size <10> not available
(Font)              Font shape `OMS/cmsy/m/n' tried instead on input line 565.

[33] [34] <./Analysis/images/ERDiagram.pdf, id=1013, 597.23125pt x 845.1575pt>
File: ./Analysis/images/ERDiagram.pdf Graphic file (type pdf)

<use ./Analysis/images/ERDiagram.pdf>
Package pdftex.def Info: ./Analysis/images/ERDiagram.pdf used on input line 678
.
(pdftex.def)             Requested size: 345.0pt x 488.2186pt.
 [35] [36]
Overfull \vbox (33.85742pt too high) has occurred while \output is active []


[37pdfTeX warning (ext4): destination with the same identifier (name{figure.1.1
7}) has been already used, duplicate ignored

\AtBegShi@Output ...ipout \box \AtBeginShipoutBox 
                                                  \fi \fi 
l.681 
       <U:/git/COMP4Coursework5/Analysis/images/ERDiagram.pdf>] [38]
<./Analysis/images/relationshipDiagramObjectAnalysis.pdf, id=1040, 597.23125pt 
x 845.1575pt>
File: ./Analysis/images/relationshipDiagramObjectAnalysis.pdf Graphic file (typ
e pdf)
 <use ./Analysis/images/relationshipDiagramObjectAnalysis.pdf>
Package pdftex.def Info: ./Analysis/images/relationshipDiagramObjectAnalysis.pd
f used on input line 751.
(pdftex.def)             Requested size: 298.61488pt x 422.57771pt.

[39] [40pdfTeX warning (ext4): destination with the same identifier (name{figur
e.1.18}) has been already used, duplicate ignored

\AtBegShi@Output ...ipout \box \AtBeginShipoutBox 
                                                  \fi \fi 
l.769 \end{flushleft}
                      <U:/git/COMP4Coursework5/Analysis/images/relationshipDiag
ramObjectAnalysis.pdf>]
Overfull \hbox (3.32813pt too wide) in paragraph at lines 792--793
[]\OT1/cmr/m/n/10 AddMemberPhoneNumber| 
 []


Overfull \hbox (3.7448pt too wide) in paragraph at lines 801--801
[]\OT1/cmr/m/n/10 EditMemberPhoneNumber| 
 []

[41] [42] [43] [44] [45]
Underfull \hbox (badness 10000) in paragraph at lines 999--1004
[]|\OT1/cmr/m/n/10 Can be ac-cessed on
 []


Underfull \hbox (badness 10000) in paragraph at lines 999--1004
\OT1/cmr/m/n/10 mul-ti-ple de-vices where
 []


Underfull \hbox (badness 10000) in paragraph at lines 999--1004
\OT1/cmr/m/n/10 theres is an in-ter-net
 []


Underfull \hbox (badness 10000) in paragraph at lines 999--1004
\OT1/cmr/m/n/10 browser re-quired (al-
 []


Underfull \hbox (badness 1917) in paragraph at lines 999--1004
\OT1/cmr/m/n/10 ready in-stalled in most
 []


Underfull \hbox (badness 10000) in paragraph at lines 999--1004
\OT1/cmr/m/n/10 li-braries for the web.
 []


Underfull \hbox (badness 4752) in paragraph at lines 999--1004
\OT1/cmr/m/n/10 side lan-guages to pro-
 []


Underfull \hbox (badness 10000) in paragraph at lines 999--1004
\OT1/cmr/m/n/10 gram the back-end of
 []


Underfull \hbox (badness 3302) in paragraph at lines 999--1004
\OT1/cmr/m/n/10 the web-site. (Python
 []


Underfull \hbox (badness 10000) in paragraph at lines 999--1004
\OT1/cmr/m/n/10 (Django),Ruby(RoR)
 []


Underfull \hbox (badness 1297) in paragraph at lines 1006--1010
\OT1/cmr/m/n/10 hosted lo-cally. A web
 []


Underfull \hbox (badness 3088) in paragraph at lines 1006--1010
\OT1/cmr/m/n/10 may hap-pen with host
 []


Underfull \hbox (badness 2080) in paragraph at lines 1006--1010
\OT1/cmr/m/n/10 which means the client
 []


Underfull \hbox (badness 3792) in paragraph at lines 1018--1021
\OT1/cmr/m/n/10 Client may lose phone
 []


Underfull \hbox (badness 10000) in paragraph at lines 1024--1024
[]|\OT1/cmr/m/n/10 Command-Line
 []


Underfull \hbox (badness 2435) in paragraph at lines 1030--1034
\OT1/cmr/m/n/10 In-ter-face would be less
 []


Underfull \hbox (badness 2772) in paragraph at lines 1030--1034
\OT1/cmr/m/n/10 ef-fec-tive and harder to
 []


Underfull \hbox (badness 1490) in paragraph at lines 1030--1034
\OT1/cmr/m/n/10 be lost too so back-ups
 []


Underfull \hbox (badness 10000) in paragraph at lines 1043--1047
\OT1/cmr/m/n/10 with the syn-tax for
 []


Underfull \hbox (badness 5475) in paragraph at lines 1043--1047
\OT1/cmr/m/n/10 the func-tions and run
 []


Underfull \hbox (badness 10000) in paragraph at lines 1050--1050
[]|\OT1/cmr/m/n/10 PyQt4 GUI and
 []


Underfull \hbox (badness 10000) in paragraph at lines 1050--1050
\OT1/cmr/m/n/10 Python3 Ap-pli-ca-
 []


Underfull \hbox (badness 1137) in paragraph at lines 1052--1055
\OT1/cmr/m/n/10 ging and test-ing. The
 []


Underfull \hbox (badness 1831) in paragraph at lines 1052--1055
\OT1/cmr/m/n/10 eas-ier for the client to
 []


Underfull \hbox (badness 1048) in paragraph at lines 1052--1055
\OT1/cmr/m/n/10 this form of ap-pli-ca-tion
 []


Underfull \hbox (badness 1688) in paragraph at lines 1052--1055
\OT1/cmr/m/n/10 it can be pack-aged for
 []


Underfull \hbox (badness 1259) in paragraph at lines 1052--1055
\OT1/cmr/m/n/10 Sys-tems. GUI gives a
 []


Underfull \hbox (badness 2080) in paragraph at lines 1052--1055
\OT1/cmr/m/n/10 of the ap-pli-ca-tions fea-
 []


Underfull \hbox (badness 4181) in paragraph at lines 1057--1059
\OT1/cmr/m/n/10 in-stalled but Mac and
 []


Overfull \hbox (3.9803pt too wide) in alignment at lines 993--1062
 [] [] [] 
 []


Underfull \vbox (badness 10000) detected at line 1062
 []

[46] [47]) [48] (U:\git\COMP4Coursework5\Design\design.tex
Chapter 2.
[49



] [50] [51]
File: ./Analysis/images/ERDiagram.pdf Graphic file (type pdf)
 <use ./Analysis/images/ERDiagram.pdf>
Package pdftex.def Info: ./Analysis/images/ERDiagram.pdf used on input line 94.

(pdftex.def)             Requested size: 345.0pt x 488.2186pt.

Overfull \vbox (3.5658pt too high) has occurred while \output is active []


[52pdfTeX warning (ext4): destination with the same identifier (name{figure.2.1
}) has been already used, duplicate ignored

\AtBegShi@Output ...ipout \box \AtBeginShipoutBox 
                                                  \fi \fi 
l.97 
     ]
Overfull \hbox (8.43306pt too wide) in alignment at lines 148--170
 [] 
 []


Underfull \vbox (badness 10000) detected at line 170
 []


Overfull \hbox (8.43306pt too wide) in alignment at lines 170--191
 [] 
 []

[53]
Overfull \hbox (8.43306pt too wide) in alignment at lines 191--199
 [] 
 []


Overfull \hbox (8.43306pt too wide) in alignment at lines 203--225
 [] 
 []


Underfull \vbox (badness 10000) detected at line 225
 []


Overfull \hbox (8.43306pt too wide) in alignment at lines 225--248
 [] 
 []

[54]
Overfull \hbox (8.43306pt too wide) in alignment at lines 248--261
 [] 
 []


Overfull \hbox (8.43306pt too wide) in alignment at lines 264--286
 [] 
 []


Underfull \vbox (badness 10000) detected at line 286
 []


Overfull \hbox (8.43306pt too wide) in alignment at lines 286--310
 [] 
 []

[55]
Overfull \hbox (8.43306pt too wide) in alignment at lines 310--334
 [] 
 []


Overfull \hbox (8.43306pt too wide) in alignment at lines 334--337
 [] 
 []

[56] [57]
Underfull \hbox (badness 10000) in paragraph at lines 369--369
[]|\OT1/cmr/bx/n/10 Purpose of
 []


Underfull \hbox (badness 5475) in paragraph at lines 369--369
[]|\OT1/cmr/bx/n/10 Test Data
 []


Underfull \hbox (badness 10000) in paragraph at lines 369--369
\OT1/cmr/bx/n/10 mal/ Er-
 []


Underfull \hbox (badness 10000) in paragraph at lines 369--369
\OT1/cmr/bx/n/10 ro-neous/
 []


Underfull \hbox (badness 10000) in paragraph at lines 369--369
[]|\OT1/cmr/bx/n/10 Expected
 []


Overfull \hbox (15.4704pt too wide) in alignment at lines 367--371
 [] [] [] [] [] [] [] [] 
 []


Underfull \vbox (badness 10000) detected at line 371
 []

[58

]) (U:\git\COMP4Coursework5\Testing\testing.tex
Chapter 3.
[59




]
Underfull \hbox (badness 10000) in paragraph at lines 31--31
[]|\OT1/cmr/bx/n/10 Purpose of
 []


Underfull \hbox (badness 5475) in paragraph at lines 31--31
[]|\OT1/cmr/bx/n/10 Test Data
 []


Underfull \hbox (badness 10000) in paragraph at lines 31--31
\OT1/cmr/bx/n/10 mal/ Er-
 []


Underfull \hbox (badness 10000) in paragraph at lines 31--31
\OT1/cmr/bx/n/10 ro-neous/
 []


Underfull \hbox (badness 10000) in paragraph at lines 31--31
[]|\OT1/cmr/bx/n/10 Expected
 []


Overfull \hbox (15.4704pt too wide) in alignment at lines 29--33
 [] [] [] [] [] [] [] [] 
 []


Underfull \vbox (badness 10000) detected at line 33
 []


Underfull \hbox (badness 10000) in paragraph at lines 41--41
[]|\OT1/cmr/bx/n/10 Purpose of
 []


Underfull \hbox (badness 5475) in paragraph at lines 41--41
[]|\OT1/cmr/bx/n/10 Test Data
 []


Underfull \hbox (badness 10000) in paragraph at lines 41--41
\OT1/cmr/bx/n/10 mal/ Er-
 []


Underfull \hbox (badness 10000) in paragraph at lines 41--41
\OT1/cmr/bx/n/10 ro-neous/
 []


Underfull \hbox (badness 10000) in paragraph at lines 41--41
[]|\OT1/cmr/bx/n/10 Expected
 []


Overfull \hbox (15.4704pt too wide) in alignment at lines 39--43
 [] [] [] [] [] [] [] [] 
 []


Underfull \vbox (badness 10000) detected at line 43
 []

[60

] [61]) [62

] (U:\git\COMP4Coursework5\Maintenance\maintenance.tex
Chapter 4.
Excluding 'comment' comment. [63



]
Overfull \vbox (349.24393pt too high) has occurred while \output is active []


[64] Excluding 'comment' comment. [65

])
(U:\git\COMP4Coursework5\Manual\manual.tex
Chapter 5.
) [66




]
Overfull \vbox (248.63841pt too high) has occurred while \output is active []


[67] (U:\git\COMP4Coursework5\Evaluation\evaluation.tex
Chapter 6.
) [68



]
Overfull \vbox (6.61086pt too high) has occurred while \output is active []


[69]
Package atveryend Info: Empty hook `BeforeClearDocument' on input line 19.
Package atveryend Info: Empty hook `AfterLastShipout' on input line 19.
 (U:\git\COMP4Coursework5\coursework.aux
(U:\git\COMP4Coursework5\Analysis\analysis.aux)
(U:\git\COMP4Coursework5\Design\design.aux)
(U:\git\COMP4Coursework5\Testing\testing.aux)
(U:\git\COMP4Coursework5\Maintenance\maintenance.aux)
(U:\git\COMP4Coursework5\Manual\manual.aux)
(U:\git\COMP4Coursework5\Evaluation\evaluation.aux))
Package atveryend Info: Executing hook `AtVeryEndDocument' on input line 19.
Package atveryend Info: Executing hook `AtEndAfterFileList' on input line 19.
Package rerunfilecheck Info: File `coursework.out' has not changed.
(rerunfilecheck)             Checksum: BB4E36EABE22D5064CA924468AEF76DC;9616.


LaTeX Warning: There were multiply-defined labels.

Package atveryend Info: Empty hook `AtVeryVeryEnd' on input line 19.
 ) 
Here is how much of TeX's memory you used:
 10389 strings out of 493705
 151440 string characters out of 3142200
 297025 words of memory out of 3000000
 13236 multiletter control sequences out of 15000+200000
 10876 words of font info for 39 fonts, out of 3000000 for 9000
 1025 hyphenation exceptions out of 8191
 37i,12n,45p,1577b,548s stack positions out of 5000i,500n,10000p,200000b,50000s
<C:/Program Files (x86)/MiKTeX 2.9/fonts/type1/public/amsfonts/cm/cmbx10.pfb>
<C:/Program Files (x86)/MiKTeX 2.9/fonts/type1/public/amsfonts/cm/cmbx12.pfb><C
:/Program Files (x86)/MiKTeX 2.9/fonts/type1/public/amsfonts/cm/cmmi10.pfb><C:/
Program Files (x86)/MiKTeX 2.9/fonts/type1/public/amsfonts/cm/cmr10.pfb><C:/Pro
gram Files (x86)/MiKTeX 2.9/fonts/type1/public/amsfonts/cm/cmr12.pfb><C:/Progra
m Files (x86)/MiKTeX 2.9/fonts/type1/public/amsfonts/cm/cmr17.pfb><C:/Program F
iles (x86)/MiKTeX 2.9/fonts/type1/public/amsfonts/cm/cmr7.pfb><C:/Program Files
 (x86)/MiKTeX 2.9/fonts/type1/public/amsfonts/cm/cmr8.pfb><C:/Program Files (x8
6)/MiKTeX 2.9/fonts/type1/public/amsfonts/cm/cmsy10.pfb><C:/Program Files (x86)
/MiKTeX 2.9/fonts/type1/public/amsfonts/cm/cmti10.pfb><C:/Program Files (x86)/M
iKTeX 2.9/fonts/type1/public/amsfonts/cm/cmu10.pfb>
Output written on coursework.pdf (70 pages, 745114 bytes).
PDF statistics:
 1289 PDF objects out of 1440 (max. 8388607)
 270 named destinations out of 1000 (max. 500000)
 1192 words of extra memory for PDF output out of 10000 (max. 10000000)

